<?xml version="1.0" encoding="UTF-8"?>
<!-- Generated by org.testng.reporters.JUnitReportReporter -->
<testsuite name="com.infostretch.json.Rohit_Dwivedi" tests="8" time="0.383" ignored="0" failures="0" timestamp="28 Jan 2020 09:00:09 GMT" skipped="0" hostname="ICPL13715" errors="0">
  <testcase name="getAllFemaleUsers" time="0.316" classname="com.infostretch.json.Rohit_Dwivedi"/>
  <testcase name="getAllUsers" time="0.007" classname="com.infostretch.json.Rohit_Dwivedi"/>
  <testcase name="getBalanceOfMaleUsers" time="0.006" classname="com.infostretch.json.Rohit_Dwivedi"/>
  <testcase name="getCaliforniaUsers" time="0.005" classname="com.infostretch.json.Rohit_Dwivedi"/>
  <testcase name="getFirstTwoUsers" time="0.003" classname="com.infostretch.json.Rohit_Dwivedi"/>
  <testcase name="getUsersWithAgeConstraint" time="0.039" classname="com.infostretch.json.Rohit_Dwivedi"/>
  <testcase name="getLastTwoUsers" time="0.004" classname="com.infostretch.json.Rohit_Dwivedi"/>
  <testcase name="getTotalFriendsOfFirstUser" time="0.003" classname="com.infostretch.json.Rohit_Dwivedi"/>
</testsuite> <!-- com.infostretch.json.Rohit_Dwivedi -->
